{"C:\\Users\\Emeka\\Workspace\\JOB_TESTS\\jolimoi\\romanConverter\\backend\\src\\app.js": {"path":"C:\\Users\\Emeka\\Workspace\\JOB_TESTS\\jolimoi\\romanConverter\\backend\\src\\app.js","statementMap":{"0":{"start":{"line":1,"column":16},"end":{"line":1,"column":34}},"1":{"start":{"line":2,"column":13},"end":{"line":2,"column":28}},"2":{"start":{"line":3,"column":18},"end":{"line":3,"column":47}},"3":{"start":{"line":4,"column":24},"end":{"line":4,"column":50}},"4":{"start":{"line":6,"column":15},"end":{"line":6,"column":47}},"5":{"start":{"line":8,"column":12},"end":{"line":8,"column":21}},"6":{"start":{"line":10,"column":0},"end":{"line":10,"column":16}},"7":{"start":{"line":11,"column":0},"end":{"line":11,"column":24}},"8":{"start":{"line":12,"column":0},"end":{"line":12,"column":49}},"9":{"start":{"line":14,"column":0},"end":{"line":14,"column":34}},"10":{"start":{"line":15,"column":0},"end":{"line":19,"column":2}},"11":{"start":{"line":20,"column":0},"end":{"line":24,"column":3}},"12":{"start":{"line":21,"column":14},"end":{"line":21,"column":43}},"13":{"start":{"line":22,"column":2},"end":{"line":22,"column":19}},"14":{"start":{"line":23,"column":2},"end":{"line":23,"column":19}},"15":{"start":{"line":26,"column":0},"end":{"line":32,"column":2}},"16":{"start":{"line":27,"column":2},"end":{"line":30,"column":7}},"17":{"start":{"line":34,"column":0},"end":{"line":34,"column":21}}},"fnMap":{"0":{"name":"(anonymous_0)","decl":{"start":{"line":20,"column":8},"end":{"line":20,"column":9}},"loc":{"start":{"line":20,"column":34},"end":{"line":24,"column":1}},"line":20},"1":{"name":"(anonymous_1)","decl":{"start":{"line":26,"column":8},"end":{"line":26,"column":9}},"loc":{"start":{"line":26,"column":33},"end":{"line":31,"column":1}},"line":26}},"branchMap":{"0":{"loc":{"start":{"line":27,"column":20},"end":{"line":27,"column":41}},"type":"binary-expr","locations":[{"start":{"line":27,"column":20},"end":{"line":27,"column":34}},{"start":{"line":27,"column":38},"end":{"line":27,"column":41}}],"line":27}},"s":{"0":1,"1":1,"2":1,"3":1,"4":1,"5":1,"6":1,"7":1,"8":1,"9":1,"10":1,"11":1,"12":0,"13":0,"14":0,"15":1,"16":3,"17":1},"f":{"0":0,"1":3},"b":{"0":[3,0]},"_coverageSchema":"1a1c01bbd47fc00a2c39e90264f33305004495a9","hash":"1ddf901a7a6b27c10c02846a128cfdab0a6cc096"}
,"C:\\Users\\Emeka\\Workspace\\JOB_TESTS\\jolimoi\\romanConverter\\backend\\src\\controllers\\romanNumber.controllers.js": {"path":"C:\\Users\\Emeka\\Workspace\\JOB_TESTS\\jolimoi\\romanConverter\\backend\\src\\controllers\\romanNumber.controllers.js","statementMap":{"0":{"start":{"line":1,"column":18},"end":{"line":1,"column":40}},"1":{"start":{"line":3,"column":18},"end":{"line":3,"column":41}},"2":{"start":{"line":5,"column":23},"end":{"line":5,"column":62}},"3":{"start":{"line":7,"column":0},"end":{"line":16,"column":2}},"4":{"start":{"line":8,"column":21},"end":{"line":8,"column":29}},"5":{"start":{"line":9,"column":17},"end":{"line":9,"column":45}},"6":{"start":{"line":10,"column":2},"end":{"line":10,"column":72}},"7":{"start":{"line":10,"column":15},"end":{"line":10,"column":72}},"8":{"start":{"line":12,"column":2},"end":{"line":15,"column":5}}},"fnMap":{"0":{"name":"(anonymous_0)","decl":{"start":{"line":7,"column":22},"end":{"line":7,"column":23}},"loc":{"start":{"line":7,"column":48},"end":{"line":16,"column":1}},"line":7}},"branchMap":{"0":{"loc":{"start":{"line":10,"column":2},"end":{"line":10,"column":72}},"type":"if","locations":[{"start":{"line":10,"column":2},"end":{"line":10,"column":72}},{"start":{},"end":{}}],"line":10}},"s":{"0":1,"1":1,"2":1,"3":1,"4":2,"5":2,"6":2,"7":1,"8":1},"f":{"0":2},"b":{"0":[1,1]},"_coverageSchema":"1a1c01bbd47fc00a2c39e90264f33305004495a9","hash":"999a14a3328a49ef7d1a04fb62dfe237e17e1143"}
,"C:\\Users\\Emeka\\Workspace\\JOB_TESTS\\jolimoi\\romanConverter\\backend\\src\\data\\data.js": {"path":"C:\\Users\\Emeka\\Workspace\\JOB_TESTS\\jolimoi\\romanConverter\\backend\\src\\data\\data.js","statementMap":{"0":{"start":{"line":1,"column":18},"end":{"line":102,"column":1}},"1":{"start":{"line":103,"column":0},"end":{"line":103,"column":27}}},"fnMap":{},"branchMap":{},"s":{"0":1,"1":1},"f":{},"b":{},"_coverageSchema":"1a1c01bbd47fc00a2c39e90264f33305004495a9","hash":"8d27df51df8498718f59927c6cb1d318cc75ae50"}
,"C:\\Users\\Emeka\\Workspace\\JOB_TESTS\\jolimoi\\romanConverter\\backend\\src\\middleware\\validateBody.js": {"path":"C:\\Users\\Emeka\\Workspace\\JOB_TESTS\\jolimoi\\romanConverter\\backend\\src\\middleware\\validateBody.js","statementMap":{"0":{"start":{"line":1,"column":18},"end":{"line":1,"column":40}},"1":{"start":{"line":2,"column":20},"end":{"line":2,"column":57}},"2":{"start":{"line":4,"column":21},"end":{"line":8,"column":1}},"3":{"start":{"line":5,"column":20},"end":{"line":5,"column":50}},"4":{"start":{"line":6,"column":2},"end":{"line":6,"column":67}},"5":{"start":{"line":6,"column":13},"end":{"line":6,"column":67}},"6":{"start":{"line":7,"column":2},"end":{"line":7,"column":16}},"7":{"start":{"line":10,"column":0},"end":{"line":10,"column":30}}},"fnMap":{"0":{"name":"(anonymous_0)","decl":{"start":{"line":4,"column":21},"end":{"line":4,"column":22}},"loc":{"start":{"line":4,"column":41},"end":{"line":8,"column":1}},"line":4}},"branchMap":{"0":{"loc":{"start":{"line":6,"column":2},"end":{"line":6,"column":67}},"type":"if","locations":[{"start":{"line":6,"column":2},"end":{"line":6,"column":67}},{"start":{},"end":{}}],"line":6}},"s":{"0":1,"1":1,"2":1,"3":4,"4":4,"5":2,"6":2,"7":1},"f":{"0":4},"b":{"0":[2,2]},"_coverageSchema":"1a1c01bbd47fc00a2c39e90264f33305004495a9","hash":"042ba5b45bdcf01e516c0de20613c7e700fde357"}
,"C:\\Users\\Emeka\\Workspace\\JOB_TESTS\\jolimoi\\romanConverter\\backend\\src\\routes\\roman.routes.js": {"path":"C:\\Users\\Emeka\\Workspace\\JOB_TESTS\\jolimoi\\romanConverter\\backend\\src\\routes\\roman.routes.js","statementMap":{"0":{"start":{"line":1,"column":16},"end":{"line":1,"column":34}},"1":{"start":{"line":2,"column":15},"end":{"line":2,"column":31}},"2":{"start":{"line":4,"column":24},"end":{"line":4,"column":73}},"3":{"start":{"line":5,"column":23},"end":{"line":5,"column":60}},"4":{"start":{"line":7,"column":0},"end":{"line":7,"column":50}},"5":{"start":{"line":9,"column":0},"end":{"line":9,"column":24}}},"fnMap":{},"branchMap":{},"s":{"0":1,"1":1,"2":1,"3":1,"4":1,"5":1},"f":{},"b":{},"_coverageSchema":"1a1c01bbd47fc00a2c39e90264f33305004495a9","hash":"538094ef2758cc6bf65eb27ccbc2450947184789"}
,"C:\\Users\\Emeka\\Workspace\\JOB_TESTS\\jolimoi\\romanConverter\\backend\\src\\schema\\validateResource.js": {"path":"C:\\Users\\Emeka\\Workspace\\JOB_TESTS\\jolimoi\\romanConverter\\backend\\src\\schema\\validateResource.js","statementMap":{"0":{"start":{"line":1,"column":12},"end":{"line":1,"column":26}},"1":{"start":{"line":3,"column":20},"end":{"line":10,"column":2}},"2":{"start":{"line":12,"column":0},"end":{"line":12,"column":28}}},"fnMap":{},"branchMap":{},"s":{"0":1,"1":1,"2":1},"f":{},"b":{},"_coverageSchema":"1a1c01bbd47fc00a2c39e90264f33305004495a9","hash":"70c4759c0c170fc202b09c66cf7e030c470adc1c"}
,"C:\\Users\\Emeka\\Workspace\\JOB_TESTS\\jolimoi\\romanConverter\\backend\\src\\services\\convert.services.js": {"path":"C:\\Users\\Emeka\\Workspace\\JOB_TESTS\\jolimoi\\romanConverter\\backend\\src\\services\\convert.services.js","statementMap":{"0":{"start":{"line":1,"column":18},"end":{"line":1,"column":41}},"1":{"start":{"line":3,"column":23},"end":{"line":6,"column":1}},"2":{"start":{"line":5,"column":2},"end":{"line":5,"column":27}},"3":{"start":{"line":7,"column":0},"end":{"line":7,"column":32}}},"fnMap":{"0":{"name":"(anonymous_0)","decl":{"start":{"line":3,"column":23},"end":{"line":3,"column":24}},"loc":{"start":{"line":3,"column":41},"end":{"line":6,"column":1}},"line":3}},"branchMap":{},"s":{"0":1,"1":1,"2":2,"3":1},"f":{"0":2},"b":{},"_coverageSchema":"1a1c01bbd47fc00a2c39e90264f33305004495a9","hash":"aa0069116868ad59361c358bd3c63dc67a5cf9c6"}
}
