TN:
SF:src\app.js
FN:20,(anonymous_0)
FN:26,(anonymous_1)
FNF:2
FNH:1
FNDA:0,(anonymous_0)
FNDA:3,(anonymous_1)
DA:1,1
DA:2,1
DA:3,1
DA:4,1
DA:6,1
DA:8,1
DA:10,1
DA:11,1
DA:12,1
DA:14,1
DA:15,1
DA:20,1
DA:21,0
DA:22,0
DA:23,0
DA:26,1
DA:27,3
DA:34,1
LF:18
LH:15
BRDA:27,0,0,3
BRDA:27,0,1,0
BRF:2
BRH:1
end_of_record
TN:
SF:src\controllers\romanNumber.controllers.js
FN:7,(anonymous_0)
FNF:1
FNH:1
FNDA:2,(anonymous_0)
DA:1,1
DA:3,1
DA:5,1
DA:7,1
DA:8,2
DA:9,2
DA:10,2
DA:12,1
LF:8
LH:8
BRDA:10,0,0,1
BRDA:10,0,1,1
BRF:2
BRH:2
end_of_record
TN:
SF:src\data\data.js
FNF:0
FNH:0
DA:1,1
DA:103,1
LF:2
LH:2
BRF:0
BRH:0
end_of_record
TN:
SF:src\middleware\validateBody.js
FN:4,(anonymous_0)
FNF:1
FNH:1
FNDA:4,(anonymous_0)
DA:1,1
DA:2,1
DA:4,1
DA:5,4
DA:6,4
DA:7,2
DA:10,1
LF:7
LH:7
BRDA:6,0,0,2
BRDA:6,0,1,2
BRF:2
BRH:2
end_of_record
TN:
SF:src\routes\roman.routes.js
FNF:0
FNH:0
DA:1,1
DA:2,1
DA:4,1
DA:5,1
DA:7,1
DA:9,1
LF:6
LH:6
BRF:0
BRH:0
end_of_record
TN:
SF:src\schema\validateResource.js
FNF:0
FNH:0
DA:1,1
DA:3,1
DA:12,1
LF:3
LH:3
BRF:0
BRH:0
end_of_record
TN:
SF:src\services\convert.services.js
FN:3,(anonymous_0)
FNF:1
FNH:1
FNDA:2,(anonymous_0)
DA:1,1
DA:3,1
DA:5,2
DA:7,1
LF:4
LH:4
BRF:0
BRH:0
end_of_record
